<?xml version="1.0" encoding="UTF-8"?>
<!-- Generated by org.testng.reporters.JUnitReportReporter -->
<testsuite skipped="0" hostname="DESKTOP-ANPN25S" name="selenium_basic.Firsttestngfile" tests="2" failures="0" timestamp="03 Jan 2019 13:15:28 GMT" time="26.718" errors="0">
  <testcase name="verifyHomepageTitle2" time="11.847" classname="selenium_basic.Firsttestngfile"/>
  <testcase name="verifyHomepageTitle" time="14.871" classname="selenium_basic.Firsttestngfile"/>
</testsuite> <!-- selenium_basic.Firsttestngfile -->
