<?xml version="1.0" encoding="UTF-8"?>
<!-- Generated by org.testng.reporters.JUnitReportReporter -->
<testsuite skipped="0" hostname="DESKTOP-ANPN25S" name="selenium_basic.Firsttestngfile" tests="2" failures="0" timestamp="03 Jan 2019 19:28:23 GMT" time="23.625" errors="0">
  <testcase name="verifyHomepageTitle2" time="13.771" classname="selenium_basic.Firsttestngfile"/>
  <testcase name="verifyHomepageTitle" time="9.854" classname="selenium_basic.Firsttestngfile"/>
</testsuite> <!-- selenium_basic.Firsttestngfile -->
